[debug] [2022-09-07T22:01:44.773Z] ----------------------------------------------------------------------
[debug] [2022-09-07T22:01:44.776Z] Command:       C:\Program Files\nodejs\node.exe C:\Users\ASUS\AppData\Roaming\npm\node_modules\firebase-tools\lib\bin\firebase.js init
[debug] [2022-09-07T22:01:44.777Z] CLI Version:   11.7.0
[debug] [2022-09-07T22:01:44.777Z] Platform:      win32
[debug] [2022-09-07T22:01:44.777Z] Node Version:  v16.14.0
[debug] [2022-09-07T22:01:44.779Z] Time:          Thu Sep 08 2022 03:31:44 GMT+0530 (India Standard Time)
[debug] [2022-09-07T22:01:44.779Z] ----------------------------------------------------------------------
[debug] 
[debug] [2022-09-07T22:01:44.877Z] > command requires scopes: ["email","openid","https://www.googleapis.com/auth/cloudplatformprojects.readonly","https://www.googleapis.com/auth/firebase","https://www.googleapis.com/auth/cloud-platform"]
[debug] [2022-09-07T22:01:44.878Z] > authorizing via signed-in user (kantshashi.sk8@gmail.com)
[info] 
     ######## #### ########  ######## ########     ###     ######  ########
     ##        ##  ##     ## ##       ##     ##  ##   ##  ##       ##
     ######    ##  ########  ######   ########  #########  ######  ######
     ##        ##  ##    ##  ##       ##     ## ##     ##       ## ##
     ##       #### ##     ## ######## ########  ##     ##  ######  ########

You're about to initialize a Firebase project in this directory:

  E:\Projects\Reactjs\personal-portfolio\personal-portfolio

Before we get started, keep in mind:

  * You are initializing within an existing Firebase project directory

